Starting sizing job at http://localhost:8000/api/analysis/sizing ...
Job started: f64fe835-c55c-43d7-9d0a-03996434428d
Dotfile: reports/.last-job.json
Polling job f64fe835-c55c-43d7-9d0a-03996434428d (timeout 300s) ...
[poll  1 @ 05:07:28Z +  0s] status=running stage=tables       progress=0/12
[poll  2 @ 05:07:33Z +  5s] status=running stage=tables       progress=0/12
[poll  3 @ 05:07:38Z + 10s] status=running stage=tables       progress=0/12
[poll  4 @ 05:07:44Z + 16s] status=running stage=tables       progress=9/12
[poll  5 @ 05:07:49Z + 21s] status=running stage=tables       progress=9/12
[poll  6 @ 05:07:54Z + 26s] status=running stage=tables       progress=10/12
[poll  7 @ 05:07:59Z + 31s] status=running stage=tables       progress=10/12
[poll  8 @ 05:08:04Z + 36s] status=running stage=tables       progress=11/12
[poll  9 @ 05:08:09Z + 41s] status=running stage=mart_queries progress=0/10
[poll 10 @ 05:08:14Z + 46s] status=running stage=mart_queries progress=0/10
[poll 11 @ 05:08:19Z + 51s] status=running stage=mart_queries progress=0/10
[poll 12 @ 05:08:24Z + 56s] status=running stage=mart_queries progress=0/10
[poll 13 @ 05:08:29Z + 61s] status=running stage=mart_queries progress=1/10
[poll 14 @ 05:08:34Z + 66s] status=running stage=mart_queries progress=1/10
[poll 15 @ 05:08:39Z + 71s] status=running stage=mart_queries progress=1/10
[poll 16 @ 05:08:44Z + 76s] status=running stage=mart_queries progress=1/10
[poll 17 @ 05:08:49Z + 81s] status=running stage=mart_queries progress=1/10
[poll 18 @ 05:08:54Z + 86s] status=running stage=mart_queries progress=1/10
[poll 19 @ 05:08:59Z + 91s] status=running stage=mart_queries progress=1/10
[poll 20 @ 05:09:04Z + 96s] status=running stage=mart_queries progress=1/10
[poll 21 @ 05:09:09Z +101s] status=running stage=mart_queries progress=1/10
[poll 22 @ 05:09:14Z +106s] status=running stage=mart_queries progress=1/10
[poll 23 @ 05:09:19Z +111s] status=running stage=mart_queries progress=1/10
[poll 24 @ 05:09:24Z +116s] status=running stage=mart_queries progress=3/10
[poll 25 @ 05:09:29Z +121s] status=running stage=mart_queries progress=5/10
[poll 26 @ 05:09:34Z +126s] status=running stage=mart_queries progress=7/10
[poll 27 @ 05:09:39Z +131s] status=running stage=mart_queries progress=7/10
[poll 28 @ 05:09:44Z +136s] status=running stage=mart_queries progress=7/10
[poll 29 @ 05:09:50Z +142s] status=running stage=mart_queries progress=7/10
[poll 30 @ 05:09:55Z +147s] status=running stage=mart_queries progress=7/10
[poll 31 @ 05:10:00Z +152s] status=running stage=mart_queries progress=7/10
[poll 32 @ 05:10:05Z +157s] status=running stage=mart_queries progress=8/10
[poll 33 @ 05:10:10Z +162s] status=running stage=mart_queries progress=9/10
[poll 34 @ 05:10:15Z +167s] status=running stage=mart_queries progress=9/10
[poll 35 @ 05:10:20Z +172s] status=running stage=mart_queries progress=9/10
[poll 36 @ 05:10:25Z +177s] status=done    stage=mart_queries progress=10/10
Saved reports/sizing-20260412-051026.json
